<?xml version="1.0" encoding="UTF-8"?>
<testsuites name="jest tests" tests="480" failures="0" errors="0" time="32.423">
  <testsuite name="component/article/ArticleStateEditor" errors="0" failures="0" skipped="0" timestamp="2021-08-07T04:28:43" time="5.402" tests="21">
    <testcase classname="component/article/ArticleStateEditor should render without errors" name="component/article/ArticleStateEditor should render without errors" time="0.142">
    </testcase>
    <testcase classname="component/article/ArticleStateEditor when in draft state should have the &quot;draft&quot; radio button selected" name="component/article/ArticleStateEditor when in draft state should have the &quot;draft&quot; radio button selected" time="0.194">
    </testcase>
    <testcase classname="component/article/ArticleStateEditor when in draft state for author should have the &quot;ready to publish&quot; option enabled" name="component/article/ArticleStateEditor when in draft state for author should have the &quot;ready to publish&quot; option enabled" time="0.139">
    </testcase>
    <testcase classname="component/article/ArticleStateEditor when in draft state for author should have the &quot;publish&quot; option disabled" name="component/article/ArticleStateEditor when in draft state for author should have the &quot;publish&quot; option disabled" time="0.137">
    </testcase>
    <testcase classname="component/article/ArticleStateEditor when in draft state for author should call onUpdate with &quot;readyToPublish&quot; set to true when &quot;submitted&quot; option is selected" name="component/article/ArticleStateEditor when in draft state for author should call onUpdate with &quot;readyToPublish&quot; set to true when &quot;submitted&quot; option is selected" time="0.158">
    </testcase>
    <testcase classname="component/article/ArticleStateEditor when in draft state for admin should have the &quot;ready to publish&quot; option disabled" name="component/article/ArticleStateEditor when in draft state for admin should have the &quot;ready to publish&quot; option disabled" time="0.122">
    </testcase>
    <testcase classname="component/article/ArticleStateEditor when in draft state for admin should have the &quot;publish&quot; option enabled" name="component/article/ArticleStateEditor when in draft state for admin should have the &quot;publish&quot; option enabled" time="0.124">
    </testcase>
    <testcase classname="component/article/ArticleStateEditor when in draft state for admin should call onUpdate with &quot;publisehd&quot; set to true when &quot;published&quot; option is selected" name="component/article/ArticleStateEditor when in draft state for admin should call onUpdate with &quot;publisehd&quot; set to true when &quot;published&quot; option is selected" time="0.122">
    </testcase>
    <testcase classname="component/article/ArticleStateEditor when in submitted state should have the &quot;submitted&quot; radio button selected" name="component/article/ArticleStateEditor when in submitted state should have the &quot;submitted&quot; radio button selected" time="0.121">
    </testcase>
    <testcase classname="component/article/ArticleStateEditor when in submitted state for author should have the &quot;draft&quot; option enabled" name="component/article/ArticleStateEditor when in submitted state for author should have the &quot;draft&quot; option enabled" time="0.125">
    </testcase>
    <testcase classname="component/article/ArticleStateEditor when in submitted state for author should have the &quot;publish&quot; option disabled" name="component/article/ArticleStateEditor when in submitted state for author should have the &quot;publish&quot; option disabled" time="0.136">
    </testcase>
    <testcase classname="component/article/ArticleStateEditor when in submitted state for author should call onUpdate with &quot;readyToPublish&quot; set to false when &quot;draft&quot; option is selected" name="component/article/ArticleStateEditor when in submitted state for author should call onUpdate with &quot;readyToPublish&quot; set to false when &quot;draft&quot; option is selected" time="0.122">
    </testcase>
    <testcase classname="component/article/ArticleStateEditor when in submitted state for admin should have the &quot;draft&quot; option disabled" name="component/article/ArticleStateEditor when in submitted state for admin should have the &quot;draft&quot; option disabled" time="0.11">
    </testcase>
    <testcase classname="component/article/ArticleStateEditor when in submitted state for admin should have the &quot;publish&quot; option enabled" name="component/article/ArticleStateEditor when in submitted state for admin should have the &quot;publish&quot; option enabled" time="0.11">
    </testcase>
    <testcase classname="component/article/ArticleStateEditor when in submitted state for admin should call onUpdate with &quot;published&quot; set to true when &quot;published&quot; option is selected" name="component/article/ArticleStateEditor when in submitted state for admin should call onUpdate with &quot;published&quot; set to true when &quot;published&quot; option is selected" time="0.115">
    </testcase>
    <testcase classname="component/article/ArticleStateEditor when in published state should have the &quot;published&quot; radio button selected" name="component/article/ArticleStateEditor when in published state should have the &quot;published&quot; radio button selected" time="0.112">
    </testcase>
    <testcase classname="component/article/ArticleStateEditor when in published state for author should have the &quot;draft&quot; option enabled" name="component/article/ArticleStateEditor when in published state for author should have the &quot;draft&quot; option enabled" time="0.142">
    </testcase>
    <testcase classname="component/article/ArticleStateEditor when in published state for author should have the &quot;submitted&quot; option disabled" name="component/article/ArticleStateEditor when in published state for author should have the &quot;submitted&quot; option disabled" time="0.11">
    </testcase>
    <testcase classname="component/article/ArticleStateEditor when in published state for admin should have the &quot;draft&quot; option enabled" name="component/article/ArticleStateEditor when in published state for admin should have the &quot;draft&quot; option enabled" time="0.144">
    </testcase>
    <testcase classname="component/article/ArticleStateEditor when in published state for admin should have the &quot;submitted&quot; option disabled" name="component/article/ArticleStateEditor when in published state for admin should have the &quot;submitted&quot; option disabled" time="0.12">
    </testcase>
    <testcase classname="component/article/ArticleStateEditor when in published state for admin should call onUpdate with &quot;draft&quot; set to true when &quot;draft&quot; option is selected" name="component/article/ArticleStateEditor when in published state for admin should call onUpdate with &quot;draft&quot; set to true when &quot;draft&quot; option is selected" time="0.111">
    </testcase>
  </testsuite>
  <testsuite name="component/fileExplorer/FileToolbar" errors="0" failures="0" skipped="0" timestamp="2021-08-07T04:28:43" time="6.473" tests="13">
    <testcase classname="component/fileExplorer/FileToolbar in the root directory should render the toolbar" name="component/fileExplorer/FileToolbar in the root directory should render the toolbar" time="0.139">
    </testcase>
    <testcase classname="component/fileExplorer/FileToolbar in the root directory show only the CreateDirectoryButton for a non-admin user" name="component/fileExplorer/FileToolbar in the root directory show only the CreateDirectoryButton for a non-admin user" time="0.107">
    </testcase>
    <testcase classname="component/fileExplorer/FileToolbar in the root directory show only the CreateDirectoryButton for a admin user" name="component/fileExplorer/FileToolbar in the root directory show only the CreateDirectoryButton for a admin user" time="0.101">
    </testcase>
    <testcase classname="component/fileExplorer/FileToolbar within an own private directory should render the toolbar and show the path" name="component/fileExplorer/FileToolbar within an own private directory should render the toolbar and show the path" time="0.053">
    </testcase>
    <testcase classname="component/fileExplorer/FileToolbar within an own private directory should show the FileDetailInfo button, the upload button and the create directory button, but hide the others" name="component/fileExplorer/FileToolbar within an own private directory should show the FileDetailInfo button, the upload button and the create directory button, but hide the others" time="0.226">
    </testcase>
    <testcase classname="component/fileExplorer/FileToolbar within an own private directory should not show the FileDetailInfo button if a file is being selected" name="component/fileExplorer/FileToolbar within an own private directory should not show the FileDetailInfo button if a file is being selected" time="0.133">
    </testcase>
    <testcase classname="component/fileExplorer/FileToolbar within an own private directory when a file is selected should show the FileDetailInfo button, the upload button and the create directory button, but hide the others" name="component/fileExplorer/FileToolbar within an own private directory when a file is selected should show the FileDetailInfo button, the upload button and the create directory button, but hide the others" time="0.174">
    </testcase>
    <testcase classname="component/fileExplorer/FileToolbar within a public directory as non-admin should render the toolbar and show the path" name="component/fileExplorer/FileToolbar within a public directory as non-admin should render the toolbar and show the path" time="0.047">
    </testcase>
    <testcase classname="component/fileExplorer/FileToolbar within a public directory as non-admin should show the FileDetailInfo button, but hide the others" name="component/fileExplorer/FileToolbar within a public directory as non-admin should show the FileDetailInfo button, but hide the others" time="0.069">
    </testcase>
    <testcase classname="component/fileExplorer/FileToolbar within a public directory as non-admin when a file is selected should show the FileDetailInfo button, the upload button and the create directory button, but hide the others" name="component/fileExplorer/FileToolbar within a public directory as non-admin when a file is selected should show the FileDetailInfo button, the upload button and the create directory button, but hide the others" time="0.059">
    </testcase>
    <testcase classname="component/fileExplorer/FileToolbar within a public directory as admin should render the toolbar and show the path" name="component/fileExplorer/FileToolbar within a public directory as admin should render the toolbar and show the path" time="0.064">
    </testcase>
    <testcase classname="component/fileExplorer/FileToolbar within a public directory as admin should show the FileDetailInfo button, but hide the others" name="component/fileExplorer/FileToolbar within a public directory as admin should show the FileDetailInfo button, but hide the others" time="0.18">
    </testcase>
    <testcase classname="component/fileExplorer/FileToolbar within a public directory as admin when a file is selected should show the FileDetailInfo button, the upload button and the create directory button, but hide the others" name="component/fileExplorer/FileToolbar within a public directory as admin when a file is selected should show the FileDetailInfo button, the upload button and the create directory button, but hide the others" time="0.124">
    </testcase>
  </testsuite>
  <testsuite name="component/layouts/profileLayout/ProfileData" errors="0" failures="0" skipped="0" timestamp="2021-08-07T04:28:43" time="8.42" tests="9">
    <testcase classname="component/layouts/profileLayout/ProfileData show user data should show an input with the username" name="component/layouts/profileLayout/ProfileData show user data should show an input with the username" time="0.286">
    </testcase>
    <testcase classname="component/layouts/profileLayout/ProfileData show user data should show a disabled input with the user&apos;s email" name="component/layouts/profileLayout/ProfileData show user data should show a disabled input with the user&apos;s email" time="0.16">
    </testcase>
    <testcase classname="component/layouts/profileLayout/ProfileData show user data should show an input with the user&apos;s name, nickname and class" name="component/layouts/profileLayout/ProfileData show user data should show an input with the user&apos;s name, nickname and class" time="0.199">
    </testcase>
    <testcase classname="component/layouts/profileLayout/ProfileData show user data should check the corresponding checkbox if user is hiding his full name" name="component/layouts/profileLayout/ProfileData show user data should check the corresponding checkbox if user is hiding his full name" time="0.187">
    </testcase>
    <testcase classname="component/layouts/profileLayout/ProfileData show user data should send a change request with the correct data" name="component/layouts/profileLayout/ProfileData show user data should send a change request with the correct data" time="1.041">
    </testcase>
    <testcase classname="component/layouts/profileLayout/ProfileData User groups should show all the user&apos;s groups" name="component/layouts/profileLayout/ProfileData User groups should show all the user&apos;s groups" time="0.151">
    </testcase>
    <testcase classname="component/layouts/profileLayout/ProfileData Profile picture should open the file selection dialog when &quot;Change profile picture&quot; is selected" name="component/layouts/profileLayout/ProfileData Profile picture should open the file selection dialog when &quot;Change profile picture&quot; is selected" time="0.357">
    </testcase>
    <testcase classname="component/layouts/profileLayout/ProfileData Password should open the change password dialog when the change password button is clicked" name="component/layouts/profileLayout/ProfileData Password should open the change password dialog when the change password button is clicked" time="0.44">
    </testcase>
    <testcase classname="component/layouts/profileLayout/ProfileData Email should open the change email dialog when the change email button is clicked" name="component/layouts/profileLayout/ProfileData Email should open the change email dialog when the change email button is clicked" time="0.331">
    </testcase>
  </testsuite>
  <testsuite name="component/edit/GroupSelect" errors="0" failures="0" skipped="0" timestamp="2021-08-07T04:28:43" time="9.406" tests="27">
    <testcase classname="component/edit/GroupSelect should render an GroupSelect without error" name="component/edit/GroupSelect should render an GroupSelect without error" time="0.162">
    </testcase>
    <testcase classname="component/edit/GroupSelect label prop should show a default label" name="component/edit/GroupSelect label prop should show a default label" time="0.099">
    </testcase>
    <testcase classname="component/edit/GroupSelect label prop should show no label if null is given" name="component/edit/GroupSelect label prop should show no label if null is given" time="0.097">
    </testcase>
    <testcase classname="component/edit/GroupSelect label prop should show a given label" name="component/edit/GroupSelect label prop should show a given label" time="0.076">
    </testcase>
    <testcase classname="component/edit/GroupSelect disabled prop should disable the input field" name="component/edit/GroupSelect disabled prop should disable the input field" time="0.121">
    </testcase>
    <testcase classname="component/edit/GroupSelect disabled prop should disable the remove group button" name="component/edit/GroupSelect disabled prop should disable the remove group button" time="0.086">
    </testcase>
    <testcase classname="component/edit/GroupSelect disabled prop should disable the publicly available checkbox" name="component/edit/GroupSelect disabled prop should disable the publicly available checkbox" time="0.127">
    </testcase>
    <testcase classname="component/edit/GroupSelect publicly available checkbox should be checked when no groups are selected" name="component/edit/GroupSelect publicly available checkbox should be checked when no groups are selected" time="0.075">
    </testcase>
    <testcase classname="component/edit/GroupSelect publicly available checkbox should not be checked when a group is selected" name="component/edit/GroupSelect publicly available checkbox should not be checked when a group is selected" time="0.094">
    </testcase>
    <testcase classname="component/edit/GroupSelect publicly available checkbox should add all groups when checkbox is unchecked" name="component/edit/GroupSelect publicly available checkbox should add all groups when checkbox is unchecked" time="0.096">
    </testcase>
    <testcase classname="component/edit/GroupSelect publicly available checkbox should remove all groups when checkbox is checked" name="component/edit/GroupSelect publicly available checkbox should remove all groups when checkbox is checked" time="0.08">
    </testcase>
    <testcase classname="component/edit/GroupSelect publicly available checkbox should not show element when hidePublicGroupSelection prop is given" name="component/edit/GroupSelect publicly available checkbox should not show element when hidePublicGroupSelection prop is given" time="0.039">
    </testcase>
    <testcase classname="component/edit/GroupSelect publicly available checkbox should change the elements description when publicGroupSelectionLabel is given" name="component/edit/GroupSelect publicly available checkbox should change the elements description when publicGroupSelectionLabel is given" time="0.076">
    </testcase>
    <testcase classname="component/edit/GroupSelect selection display should show selected group if one is selected" name="component/edit/GroupSelect selection display should show selected group if one is selected" time="0.087">
    </testcase>
    <testcase classname="component/edit/GroupSelect selection display should show selected groups (in order) if multiple are selected" name="component/edit/GroupSelect selection display should show selected groups (in order) if multiple are selected" time="0.071">
    </testcase>
    <testcase classname="component/edit/GroupSelect should manipulate selected groups should send deselection request when clicking on group&apos;s &quot;X&quot;" name="component/edit/GroupSelect should manipulate selected groups should send deselection request when clicking on group&apos;s &quot;X&quot;" time="0.067">
    </testcase>
    <testcase classname="component/edit/GroupSelect listbox options should provide all groups as options when clicking into the input field" name="component/edit/GroupSelect listbox options should provide all groups as options when clicking into the input field" time="0.585">
    </testcase>
    <testcase classname="component/edit/GroupSelect listbox options should filter the groups when entering text into the search field" name="component/edit/GroupSelect listbox options should filter the groups when entering text into the search field" time="0.301">
    </testcase>
    <testcase classname="component/edit/GroupSelect listbox options should reset the search filter when searchfield is blurred" name="component/edit/GroupSelect listbox options should reset the search filter when searchfield is blurred" time="0.261">
    </testcase>
    <testcase classname="component/edit/GroupSelect listbox options should show selected options with a checkmark" name="component/edit/GroupSelect listbox options should show selected options with a checkmark" time="0.136">
    </testcase>
    <testcase classname="component/edit/GroupSelect listbox options should not show checkmark when element is not selected" name="component/edit/GroupSelect listbox options should not show checkmark when element is not selected" time="0.19">
    </testcase>
    <testcase classname="component/edit/GroupSelect listbox options selecting a group should select a group after having clicked on it" name="component/edit/GroupSelect listbox options selecting a group should select a group after having clicked on it" time="0.197">
    </testcase>
    <testcase classname="component/edit/GroupSelect listbox options selecting a group should select only all admin groups after having clicked on one" name="component/edit/GroupSelect listbox options selecting a group should select only all admin groups after having clicked on one" time="0.226">
    </testcase>
    <testcase classname="component/edit/GroupSelect listbox options selecting a group should deselect a selected non-admin group after having clicked on it" name="component/edit/GroupSelect listbox options selecting a group should deselect a selected non-admin group after having clicked on it" time="0.253">
    </testcase>
    <testcase classname="component/edit/GroupSelect listbox options selecting a group should deselect all selected groups after having clicked on a selected admin group" name="component/edit/GroupSelect listbox options selecting a group should deselect all selected groups after having clicked on a selected admin group" time="0.218">
    </testcase>
    <testcase classname="component/edit/GroupSelect listbox options selecting a group with disableGroupExclusivity enabled should select a group after having clicked on it" name="component/edit/GroupSelect listbox options selecting a group with disableGroupExclusivity enabled should select a group after having clicked on it" time="0.163">
    </testcase>
    <testcase classname="component/edit/GroupSelect listbox options selecting a group with disableGroupExclusivity enabled should deselect a selected group after having clicked on it" name="component/edit/GroupSelect listbox options selecting a group with disableGroupExclusivity enabled should deselect a selected group after having clicked on it" time="0.285">
    </testcase>
  </testsuite>
  <testsuite name="component/article/ArticlePreviewStandardLayout" errors="0" failures="0" skipped="0" timestamp="2021-08-07T04:28:43" time="9.995" tests="32">
    <testcase classname="component/article/ArticlePreviewStandardLayout should render an ArticlePreview without error" name="component/article/ArticlePreviewStandardLayout should render an ArticlePreview without error" time="0.122">
    </testcase>
    <testcase classname="component/article/ArticlePreviewStandardLayout should render title as heading when disableLink prop is set" name="component/article/ArticlePreviewStandardLayout should render title as heading when disableLink prop is set" time="0.199">
    </testcase>
    <testcase classname="component/article/ArticlePreviewStandardLayout should render title as link when disableLink prop is not set" name="component/article/ArticlePreviewStandardLayout should render title as link when disableLink prop is not set" time="0.17">
    </testcase>
    <testcase classname="component/article/ArticlePreviewStandardLayout should render title as editable when onUpdateArticle prop is given" name="component/article/ArticlePreviewStandardLayout should render title as editable when onUpdateArticle prop is given" time="0.543">
    </testcase>
    <testcase classname="component/article/ArticlePreviewStandardLayout should render title and call update callback when edited" name="component/article/ArticlePreviewStandardLayout should render title and call update callback when edited" time="0.281">
    </testcase>
    <testcase classname="component/article/ArticlePreviewStandardLayout Article Preview field should render preview" name="component/article/ArticlePreviewStandardLayout Article Preview field should render preview" time="0.07">
    </testcase>
    <testcase classname="component/article/ArticlePreviewStandardLayout Article Preview field as editable when onUpdateArticle prop is given" name="component/article/ArticlePreviewStandardLayout Article Preview field as editable when onUpdateArticle prop is given" time="0.42">
    </testcase>
    <testcase classname="component/article/ArticlePreviewStandardLayout Article Preview field and call update callback when edited" name="component/article/ArticlePreviewStandardLayout Article Preview field and call update callback when edited" time="0.263">
    </testcase>
    <testcase classname="component/article/ArticlePreviewStandardLayout preview image should not render if not available when not in EditMode" name="component/article/ArticlePreviewStandardLayout preview image should not render if not available when not in EditMode" time="0.056">
    </testcase>
    <testcase classname="component/article/ArticlePreviewStandardLayout preview image should render if available" name="component/article/ArticlePreviewStandardLayout preview image should render if available" time="0.134">
    </testcase>
    <testcase classname="component/article/ArticlePreviewStandardLayout preview image EditMode as editable when onUpdateArticle prop is given" name="component/article/ArticlePreviewStandardLayout preview image EditMode as editable when onUpdateArticle prop is given" time="0.112">
    </testcase>
    <testcase classname="component/article/ArticlePreviewStandardLayout tags should render tags" name="component/article/ArticlePreviewStandardLayout tags should render tags" time="0.033">
    </testcase>
    <testcase classname="component/article/ArticlePreviewStandardLayout tags should not show DeleteButton when in EditMode" name="component/article/ArticlePreviewStandardLayout tags should not show DeleteButton when in EditMode" time="0.04">
    </testcase>
    <testcase classname="component/article/ArticlePreviewStandardLayout tags should show DeleteButton when in EditMode" name="component/article/ArticlePreviewStandardLayout tags should show DeleteButton when in EditMode" time="0.141">
    </testcase>
    <testcase classname="component/article/ArticlePreviewStandardLayout tags should delete the tag when DeleteButton is clicked" name="component/article/ArticlePreviewStandardLayout tags should delete the tag when DeleteButton is clicked" time="0.12">
    </testcase>
    <testcase classname="component/article/ArticlePreviewStandardLayout tags should add a new tag" name="component/article/ArticlePreviewStandardLayout tags should add a new tag" time="0.41">
    </testcase>
    <testcase classname="component/article/ArticlePreviewStandardLayout UpdateTime should render last update time" name="component/article/ArticlePreviewStandardLayout UpdateTime should render last update time" time="0.071">
    </testcase>
    <testcase classname="component/article/ArticlePreviewStandardLayout Users List should render the users list" name="component/article/ArticlePreviewStandardLayout Users List should render the users list" time="0.151">
    </testcase>
    <testcase classname="component/article/ArticlePreviewStandardLayout Users List EditMode should show the &quot;add author&quot; input field when in EditMode" name="component/article/ArticlePreviewStandardLayout Users List EditMode should show the &quot;add author&quot; input field when in EditMode" time="0.422">
    </testcase>
    <testcase classname="component/article/ArticlePreviewStandardLayout Users List EditMode should show the &quot;delete&quot; button for authors when in EditMode" name="component/article/ArticlePreviewStandardLayout Users List EditMode should show the &quot;delete&quot; button for authors when in EditMode" time="0.17">
    </testcase>
    <testcase classname="component/article/ArticlePreviewStandardLayout Edit Button should be shown for admin" name="component/article/ArticlePreviewStandardLayout Edit Button should be shown for admin" time="0.099">
    </testcase>
    <testcase classname="component/article/ArticlePreviewStandardLayout Edit Button should not be shown for admin if disableEdit is set" name="component/article/ArticlePreviewStandardLayout Edit Button should not be shown for admin if disableEdit is set" time="0.092">
    </testcase>
    <testcase classname="component/article/ArticlePreviewStandardLayout Edit Button should be shown for author" name="component/article/ArticlePreviewStandardLayout Edit Button should be shown for author" time="0.152">
    </testcase>
    <testcase classname="component/article/ArticlePreviewStandardLayout Edit Button should not be shown for author if disableEdit is set" name="component/article/ArticlePreviewStandardLayout Edit Button should not be shown for author if disableEdit is set" time="0.05">
    </testcase>
    <testcase classname="component/article/ArticlePreviewStandardLayout Edit Button should not be shown for other user" name="component/article/ArticlePreviewStandardLayout Edit Button should not be shown for other user" time="0.032">
    </testcase>
    <testcase classname="component/article/ArticlePreviewStandardLayout Edit Button should not be shown for other user if disableEdit is set" name="component/article/ArticlePreviewStandardLayout Edit Button should not be shown for other user if disableEdit is set" time="0.027">
    </testcase>
    <testcase classname="component/article/ArticlePreviewStandardLayout Pin Button should be shown for admin" name="component/article/ArticlePreviewStandardLayout Pin Button should be shown for admin" time="0.112">
    </testcase>
    <testcase classname="component/article/ArticlePreviewStandardLayout Pin Button should not be shown for admin if disablePin is set" name="component/article/ArticlePreviewStandardLayout Pin Button should not be shown for admin if disablePin is set" time="0.075">
    </testcase>
    <testcase classname="component/article/ArticlePreviewStandardLayout Pin Button should not be shown for author" name="component/article/ArticlePreviewStandardLayout Pin Button should not be shown for author" time="0.091">
    </testcase>
    <testcase classname="component/article/ArticlePreviewStandardLayout Pin Button should not be shown for author if disablePin is set" name="component/article/ArticlePreviewStandardLayout Pin Button should not be shown for author if disablePin is set" time="0.09">
    </testcase>
    <testcase classname="component/article/ArticlePreviewStandardLayout Pin Button should not be shown for other user" name="component/article/ArticlePreviewStandardLayout Pin Button should not be shown for other user" time="0.037">
    </testcase>
    <testcase classname="component/article/ArticlePreviewStandardLayout Pin Button should not be shown for other user if disablePin is set" name="component/article/ArticlePreviewStandardLayout Pin Button should not be shown for other user if disablePin is set" time="0.039">
    </testcase>
  </testsuite>
  <testsuite name="component/layouts/profileLayout/ProfileDelete" errors="0" failures="0" skipped="0" timestamp="2021-08-07T04:28:43" time="10.114" tests="5">
    <testcase classname="component/layouts/profileLayout/ProfileDelete should render the component without error" name="component/layouts/profileLayout/ProfileDelete should render the component without error" time="0.539">
    </testcase>
    <testcase classname="component/layouts/profileLayout/ProfileDelete should be able to go to second page and see own articles when clicking on button" name="component/layouts/profileLayout/ProfileDelete should be able to go to second page and see own articles when clicking on button" time="1.067">
    </testcase>
    <testcase classname="component/layouts/profileLayout/ProfileDelete should be able to go to third page after having seen the first and the second one" name="component/layouts/profileLayout/ProfileDelete should be able to go to third page after having seen the first and the second one" time="0.904">
    </testcase>
    <testcase classname="component/layouts/profileLayout/ProfileDelete The third page should not show the ProfileDeleteFileSelection or the tab bar if user has no files" name="component/layouts/profileLayout/ProfileDelete The third page should not show the ProfileDeleteFileSelection or the tab bar if user has no files" time="0.995">
    </testcase>
    <testcase classname="component/layouts/profileLayout/ProfileDelete The fourth page should show a &quot;definitly delete account&quot; button, which upon click should show a modal with another &quot;definitly delete account&quot; button" name="component/layouts/profileLayout/ProfileDelete The fourth page should show a &quot;definitly delete account&quot; button, which upon click should show a modal with another &quot;definitly delete account&quot; button" time="1.587">
    </testcase>
  </testsuite>
  <testsuite name="component/layouts/adminLayout/userManagment/CreateCategoryDialog" errors="0" failures="0" skipped="0" timestamp="2021-08-07T04:28:43" time="10.476" tests="10">
    <testcase classname="component/layouts/adminLayout/userManagment/CreateCategoryDialog should render the component" name="component/layouts/adminLayout/userManagment/CreateCategoryDialog should render the component" time="0.308">
    </testcase>
    <testcase classname="component/layouts/adminLayout/userManagment/CreateCategoryDialog should have the focus on the input field on open" name="component/layouts/adminLayout/userManagment/CreateCategoryDialog should have the focus on the input field on open" time="0.392">
    </testcase>
    <testcase classname="component/layouts/adminLayout/userManagment/CreateCategoryDialog should start with a disabled submit button, but should enable the button when text has been entered" name="component/layouts/adminLayout/userManagment/CreateCategoryDialog should start with a disabled submit button, but should enable the button when text has been entered" time="0.621">
    </testcase>
    <testcase classname="component/layouts/adminLayout/userManagment/CreateCategoryDialog should reset the input field when dialog is closed and then reopened" name="component/layouts/adminLayout/userManagment/CreateCategoryDialog should reset the input field when dialog is closed and then reopened" time="0.553">
    </testcase>
    <testcase classname="component/layouts/adminLayout/userManagment/CreateCategoryDialog should clear the form and call onAbort when clicking the &quot;Reset&quot; button" name="component/layouts/adminLayout/userManagment/CreateCategoryDialog should clear the form and call onAbort when clicking the &quot;Reset&quot; button" time="0.492">
    </testcase>
    <testcase classname="component/layouts/adminLayout/userManagment/CreateCategoryDialog send for main category form should hide the category selection" name="component/layouts/adminLayout/userManagment/CreateCategoryDialog send for main category form should hide the category selection" time="0.634">
    </testcase>
    <testcase classname="component/layouts/adminLayout/userManagment/CreateCategoryDialog send for main category form should create a main article with the given title" name="component/layouts/adminLayout/userManagment/CreateCategoryDialog send for main category form should create a main article with the given title" time="0.589">
    </testcase>
    <testcase classname="component/layouts/adminLayout/userManagment/CreateCategoryDialog send for subcategory should disable the submit button if no parentCategory is selected" name="component/layouts/adminLayout/userManagment/CreateCategoryDialog send for subcategory should disable the submit button if no parentCategory is selected" time="1.057">
    </testcase>
    <testcase classname="component/layouts/adminLayout/userManagment/CreateCategoryDialog send for subcategory should create an article" name="component/layouts/adminLayout/userManagment/CreateCategoryDialog send for subcategory should create an article" time="2.236">
    </testcase>
    <testcase classname="component/layouts/adminLayout/userManagment/CreateCategoryDialog send for sidenav should create an article" name="component/layouts/adminLayout/userManagment/CreateCategoryDialog send for sidenav should create an article" time="1.058">
    </testcase>
  </testsuite>
  <testsuite name="component/article/module/form/FormElement" errors="0" failures="0" skipped="0" timestamp="2021-08-07T04:28:43" time="10.865" tests="9">
    <testcase classname="component/article/module/form/FormElement input element should render a text field" name="component/article/module/form/FormElement input element should render a text field" time="0.212">
    </testcase>
    <testcase classname="component/article/module/form/FormElement input element should render an email field" name="component/article/module/form/FormElement input element should render an email field" time="0.082">
    </testcase>
    <testcase classname="component/article/module/form/FormElement selection element should render and select checkboxes" name="component/article/module/form/FormElement selection element should render and select checkboxes" time="1.313">
    </testcase>
    <testcase classname="component/article/module/form/FormElement selection element should render and select radioboxes" name="component/article/module/form/FormElement selection element should render and select radioboxes" time="0.789">
    </testcase>
    <testcase classname="component/article/module/form/FormElement selection element should render and select from a select field" name="component/article/module/form/FormElement selection element should render and select from a select field" time="0.51">
    </testcase>
    <testcase classname="component/article/module/form/FormElement file element should render a local file input and select a file as an anonymous user" name="component/article/module/form/FormElement file element should render a local file input and select a file as an anonymous user" time="0.037">
    </testcase>
    <testcase classname="component/article/module/form/FormElement file element should show a filename for a selected local file, file should be removable" name="component/article/module/form/FormElement file element should show a filename for a selected local file, file should be removable" time="0.086">
    </testcase>
    <testcase classname="component/article/module/form/FormElement file element should render a userfile select button and select a file as a user" name="component/article/module/form/FormElement file element should render a userfile select button and select a file as a user" time="2.37">
    </testcase>
    <testcase classname="component/article/module/form/FormElement file element should show a filename for a selected local file, file should be removable" name="component/article/module/form/FormElement file element should show a filename for a selected local file, file should be removable" time="0.119">
    </testcase>
  </testsuite>
  <testsuite name="component/article/module/table/Edit" errors="0" failures="0" skipped="0" timestamp="2021-08-07T04:28:43" time="11.095" tests="15">
    <testcase classname="component/article/module/table/Edit should render without an error" name="component/article/module/table/Edit should render without an error" time="0.412">
    </testcase>
    <testcase classname="component/article/module/table/Edit render the table should render the table with correct content" name="component/article/module/table/Edit render the table should render the table with correct content" time="0.536">
    </testcase>
    <testcase classname="component/article/module/table/Edit edit table cells should edit a cell when entering text" name="component/article/module/table/Edit edit table cells should edit a cell when entering text" time="1.06">
    </testcase>
    <testcase classname="component/article/module/table/Edit edit table cells navigate via enter key should jump to next column" name="component/article/module/table/Edit edit table cells navigate via enter key should jump to next column" time="0.403">
    </testcase>
    <testcase classname="component/article/module/table/Edit edit table cells navigate via enter key should jump to next row" name="component/article/module/table/Edit edit table cells navigate via enter key should jump to next row" time="0.334">
    </testcase>
    <testcase classname="component/article/module/table/Edit edit table cells navigate via enter key should create a new row when on last element" name="component/article/module/table/Edit edit table cells navigate via enter key should create a new row when on last element" time="0.638">
    </testcase>
    <testcase classname="component/article/module/table/Edit edit table cells toolbar buttons remove column button should be disabled when there is only one column" name="component/article/module/table/Edit edit table cells toolbar buttons remove column button should be disabled when there is only one column" time="0.207">
    </testcase>
    <testcase classname="component/article/module/table/Edit edit table cells toolbar buttons remove row button should be disabled when there is only one row" name="component/article/module/table/Edit edit table cells toolbar buttons remove row button should be disabled when there is only one row" time="0.125">
    </testcase>
    <testcase classname="component/article/module/table/Edit edit table cells toolbar buttons should remove a column when clicking the button" name="component/article/module/table/Edit edit table cells toolbar buttons should remove a column when clicking the button" time="0.301">
    </testcase>
    <testcase classname="component/article/module/table/Edit edit table cells toolbar buttons should insert a column when clicking the button" name="component/article/module/table/Edit edit table cells toolbar buttons should insert a column when clicking the button" time="0.565">
    </testcase>
    <testcase classname="component/article/module/table/Edit edit table cells toolbar buttons should remove a row when clicking the button" name="component/article/module/table/Edit edit table cells toolbar buttons should remove a row when clicking the button" time="0.403">
    </testcase>
    <testcase classname="component/article/module/table/Edit edit table cells toolbar buttons should insert a row when clicking the button" name="component/article/module/table/Edit edit table cells toolbar buttons should insert a row when clicking the button" time="0.44">
    </testcase>
    <testcase classname="component/article/module/table/Edit pasting from other application should paste from excel to top-most upper-left corner" name="component/article/module/table/Edit pasting from other application should paste from excel to top-most upper-left corner" time="0.238">
    </testcase>
    <testcase classname="component/article/module/table/Edit pasting from other application should paste from numbers to top-most upper-left corner" name="component/article/module/table/Edit pasting from other application should paste from numbers to top-most upper-left corner" time="0.237">
    </testcase>
    <testcase classname="component/article/module/table/Edit pasting from other application should expand the current grid if pastet to the bottom right corner" name="component/article/module/table/Edit pasting from other application should expand the current grid if pastet to the bottom right corner" time="0.235">
    </testcase>
  </testsuite>
  <testsuite name="component/fileExplorer/FileDetailView" errors="0" failures="0" skipped="0" timestamp="2021-08-07T04:28:54" time="1.006" tests="7">
    <testcase classname="component/fileExplorer/FileDetailView should show basic file information should show the filename" name="component/fileExplorer/FileDetailView should show basic file information should show the filename" time="0.088">
    </testcase>
    <testcase classname="component/fileExplorer/FileDetailView should show basic file information should show the previewImage for image files" name="component/fileExplorer/FileDetailView should show basic file information should show the previewImage for image files" time="0.029">
    </testcase>
    <testcase classname="component/fileExplorer/FileDetailView should show basic file information should show not show a previewImage for Pdf document without image preview" name="component/fileExplorer/FileDetailView should show basic file information should show not show a previewImage for Pdf document without image preview" time="0.038">
    </testcase>
    <testcase classname="component/fileExplorer/FileDetailView should download and show extended information should download more information" name="component/fileExplorer/FileDetailView should download and show extended information should download more information" time="0.045">
    </testcase>
    <testcase classname="component/fileExplorer/FileDetailView should download and show extended information should show the author of the file" name="component/fileExplorer/FileDetailView should download and show extended information should show the author of the file" time="0.05">
    </testcase>
    <testcase classname="component/fileExplorer/FileDetailView should download and show extended information should show the file&apos;s usage count" name="component/fileExplorer/FileDetailView should download and show extended information should show the file&apos;s usage count" time="0.091">
    </testcase>
    <testcase classname="component/fileExplorer/FileDetailView should download and show extended information should show the file&apos;s conversions count" name="component/fileExplorer/FileDetailView should download and show extended information should show the file&apos;s conversions count" time="0.052">
    </testcase>
  </testsuite>
  <testsuite name="component/layouts/adminLayout/MessageToolbar" errors="0" failures="0" skipped="0" timestamp="2021-08-07T04:28:52" time="3.672" tests="5">
    <testcase classname="component/layouts/adminLayout/MessageToolbar should render without error" name="component/layouts/adminLayout/MessageToolbar should render without error" time="0.04">
    </testcase>
    <testcase classname="component/layouts/adminLayout/MessageToolbar should open the create popup when clicking on the &quot;add&quot; button" name="component/layouts/adminLayout/MessageToolbar should open the create popup when clicking on the &quot;add&quot; button" time="0.164">
    </testcase>
    <testcase classname="component/layouts/adminLayout/MessageToolbar select detination popup should not show the &quot;groups&quot; tab if user has no groups" name="component/layouts/adminLayout/MessageToolbar select detination popup should not show the &quot;groups&quot; tab if user has no groups" time="0.188">
    </testcase>
    <testcase classname="component/layouts/adminLayout/MessageToolbar select detination popup should select a user and create the corresponding thread object" name="component/layouts/adminLayout/MessageToolbar select detination popup should select a user and create the corresponding thread object" time="1.448">
    </testcase>
    <testcase classname="component/layouts/adminLayout/MessageToolbar select detination popup should select a group and create the corresponding thread object" name="component/layouts/adminLayout/MessageToolbar select detination popup should select a group and create the corresponding thread object" time="0.417">
    </testcase>
  </testsuite>
  <testsuite name="component/article/module/ContentModule" errors="0" failures="0" skipped="0" timestamp="2021-08-07T04:28:43" time="12.125" tests="40">
    <testcase classname="component/article/module/ContentModule Text ContentModule should render module in show mode" name="component/article/module/ContentModule Text ContentModule should render module in show mode" time="0.567">
    </testcase>
    <testcase classname="component/article/module/ContentModule Text ContentModule when in edit mode should add an (invisible) config bar" name="component/article/module/ContentModule Text ContentModule when in edit mode should add an (invisible) config bar" time="0.135">
    </testcase>
    <testcase classname="component/article/module/ContentModule Text ContentModule when in edit mode config bar should open a menu when clicking on settings button" name="component/article/module/ContentModule Text ContentModule when in edit mode config bar should open a menu when clicking on settings button" time="0.456">
    </testcase>
    <testcase classname="component/article/module/ContentModule Text ContentModule when in edit mode should call the onRemoveContentModule callback when delete button is clicked" name="component/article/module/ContentModule Text ContentModule when in edit mode should call the onRemoveContentModule callback when delete button is clicked" time="0.516">
    </testcase>
    <testcase classname="component/article/module/ContentModule Title ContentModule should render module in show mode" name="component/article/module/ContentModule Title ContentModule should render module in show mode" time="0.03">
    </testcase>
    <testcase classname="component/article/module/ContentModule Title ContentModule when in edit mode should add an (invisible) config bar" name="component/article/module/ContentModule Title ContentModule when in edit mode should add an (invisible) config bar" time="0.039">
    </testcase>
    <testcase classname="component/article/module/ContentModule Title ContentModule when in edit mode config bar should open a menu when clicking on settings button" name="component/article/module/ContentModule Title ContentModule when in edit mode config bar should open a menu when clicking on settings button" time="0.169">
    </testcase>
    <testcase classname="component/article/module/ContentModule Title ContentModule when in edit mode should call the onRemoveContentModule callback when delete button is clicked" name="component/article/module/ContentModule Title ContentModule when in edit mode should call the onRemoveContentModule callback when delete button is clicked" time="0.226">
    </testcase>
    <testcase classname="component/article/module/ContentModule Title ContentModule when in edit mode should show the title configuration" name="component/article/module/ContentModule Title ContentModule when in edit mode should show the title configuration" time="0.167">
    </testcase>
    <testcase classname="component/article/module/ContentModule Image ContentModule should render module in show mode" name="component/article/module/ContentModule Image ContentModule should render module in show mode" time="0.045">
    </testcase>
    <testcase classname="component/article/module/ContentModule Image ContentModule when in edit mode should add an (invisible) config bar" name="component/article/module/ContentModule Image ContentModule when in edit mode should add an (invisible) config bar" time="0.042">
    </testcase>
    <testcase classname="component/article/module/ContentModule Image ContentModule when in edit mode config bar should open a menu when clicking on settings button" name="component/article/module/ContentModule Image ContentModule when in edit mode config bar should open a menu when clicking on settings button" time="0.131">
    </testcase>
    <testcase classname="component/article/module/ContentModule Image ContentModule when in edit mode should call the onRemoveContentModule callback when delete button is clicked" name="component/article/module/ContentModule Image ContentModule when in edit mode should call the onRemoveContentModule callback when delete button is clicked" time="0.154">
    </testcase>
    <testcase classname="component/article/module/ContentModule ImageCollection ContentModule should render a imageCollection module in show mode" name="component/article/module/ContentModule ImageCollection ContentModule should render a imageCollection module in show mode" time="0.025">
    </testcase>
    <testcase classname="component/article/module/ContentModule ImageCollection ContentModule when in edit mode should add an (invisible) config bar" name="component/article/module/ContentModule ImageCollection ContentModule when in edit mode should add an (invisible) config bar" time="0.033">
    </testcase>
    <testcase classname="component/article/module/ContentModule ImageCollection ContentModule when in edit mode config bar should open a menu when clicking on settings button" name="component/article/module/ContentModule ImageCollection ContentModule when in edit mode config bar should open a menu when clicking on settings button" time="0.181">
    </testcase>
    <testcase classname="component/article/module/ContentModule ImageCollection ContentModule when in edit mode should call the onRemoveContentModule callback when delete button is clicked" name="component/article/module/ContentModule ImageCollection ContentModule when in edit mode should call the onRemoveContentModule callback when delete button is clicked" time="0.242">
    </testcase>
    <testcase classname="component/article/module/ContentModule ImageCollection ContentModule when in edit mode should show the configuration" name="component/article/module/ContentModule ImageCollection ContentModule when in edit mode should show the configuration" time="0.14">
    </testcase>
    <testcase classname="component/article/module/ContentModule Video ContentModule should render module in show mode" name="component/article/module/ContentModule Video ContentModule should render module in show mode" time="0.028">
    </testcase>
    <testcase classname="component/article/module/ContentModule Video ContentModule when in edit mode should add an (invisible) config bar" name="component/article/module/ContentModule Video ContentModule when in edit mode should add an (invisible) config bar" time="0.038">
    </testcase>
    <testcase classname="component/article/module/ContentModule Video ContentModule when in edit mode config bar should open a menu when clicking on settings button" name="component/article/module/ContentModule Video ContentModule when in edit mode config bar should open a menu when clicking on settings button" time="0.104">
    </testcase>
    <testcase classname="component/article/module/ContentModule Video ContentModule when in edit mode should call the onRemoveContentModule callback when delete button is clicked" name="component/article/module/ContentModule Video ContentModule when in edit mode should call the onRemoveContentModule callback when delete button is clicked" time="0.166">
    </testcase>
    <testcase classname="component/article/module/ContentModule Audio ContentModule should render module in show mode" name="component/article/module/ContentModule Audio ContentModule should render module in show mode" time="0.021">
    </testcase>
    <testcase classname="component/article/module/ContentModule Audio ContentModule when in edit mode should add an (invisible) config bar" name="component/article/module/ContentModule Audio ContentModule when in edit mode should add an (invisible) config bar" time="0.043">
    </testcase>
    <testcase classname="component/article/module/ContentModule Audio ContentModule when in edit mode config bar should open a menu when clicking on settings button" name="component/article/module/ContentModule Audio ContentModule when in edit mode config bar should open a menu when clicking on settings button" time="0.119">
    </testcase>
    <testcase classname="component/article/module/ContentModule Audio ContentModule when in edit mode should call the onRemoveContentModule callback when delete button is clicked" name="component/article/module/ContentModule Audio ContentModule when in edit mode should call the onRemoveContentModule callback when delete button is clicked" time="0.178">
    </testcase>
    <testcase classname="component/article/module/ContentModule Download ContentModule should render module in show mode" name="component/article/module/ContentModule Download ContentModule should render module in show mode" time="0.032">
    </testcase>
    <testcase classname="component/article/module/ContentModule Download ContentModule when in edit mode should add an (invisible) config bar" name="component/article/module/ContentModule Download ContentModule when in edit mode should add an (invisible) config bar" time="0.082">
    </testcase>
    <testcase classname="component/article/module/ContentModule Download ContentModule when in edit mode config bar should open a menu when clicking on settings button" name="component/article/module/ContentModule Download ContentModule when in edit mode config bar should open a menu when clicking on settings button" time="0.172">
    </testcase>
    <testcase classname="component/article/module/ContentModule Download ContentModule when in edit mode should call the onRemoveContentModule callback when delete button is clicked" name="component/article/module/ContentModule Download ContentModule when in edit mode should call the onRemoveContentModule callback when delete button is clicked" time="0.205">
    </testcase>
    <testcase classname="component/article/module/ContentModule Download ContentModule when in edit mode should show the configuration" name="component/article/module/ContentModule Download ContentModule when in edit mode should show the configuration" time="0.178">
    </testcase>
    <testcase classname="component/article/module/ContentModule Form ContentModule should render module in show mode" name="component/article/module/ContentModule Form ContentModule should render module in show mode" time="0.027">
    </testcase>
    <testcase classname="component/article/module/ContentModule Form ContentModule when in edit mode should add an (invisible) config bar" name="component/article/module/ContentModule Form ContentModule when in edit mode should add an (invisible) config bar" time="0.028">
    </testcase>
    <testcase classname="component/article/module/ContentModule Form ContentModule when in edit mode config bar should open a menu when clicking on settings button" name="component/article/module/ContentModule Form ContentModule when in edit mode config bar should open a menu when clicking on settings button" time="0.294">
    </testcase>
    <testcase classname="component/article/module/ContentModule Form ContentModule when in edit mode should call the onRemoveContentModule callback when delete button is clicked" name="component/article/module/ContentModule Form ContentModule when in edit mode should call the onRemoveContentModule callback when delete button is clicked" time="0.437">
    </testcase>
    <testcase classname="component/article/module/ContentModule Form ContentModule when in edit mode should show the configuration" name="component/article/module/ContentModule Form ContentModule when in edit mode should show the configuration" time="0.341">
    </testcase>
    <testcase classname="component/article/module/ContentModule Table ContentModule should render module in show mode" name="component/article/module/ContentModule Table ContentModule should render module in show mode" time="0.032">
    </testcase>
    <testcase classname="component/article/module/ContentModule Table ContentModule when in edit mode should add an (invisible) config bar" name="component/article/module/ContentModule Table ContentModule when in edit mode should add an (invisible) config bar" time="0.079">
    </testcase>
    <testcase classname="component/article/module/ContentModule Table ContentModule when in edit mode config bar should open a menu when clicking on settings button" name="component/article/module/ContentModule Table ContentModule when in edit mode config bar should open a menu when clicking on settings button" time="0.207">
    </testcase>
    <testcase classname="component/article/module/ContentModule Table ContentModule when in edit mode should call the onRemoveContentModule callback when delete button is clicked" name="component/article/module/ContentModule Table ContentModule when in edit mode should call the onRemoveContentModule callback when delete button is clicked" time="0.318">
    </testcase>
  </testsuite>
  <testsuite name="component/widgets/Schedule" errors="0" failures="0" skipped="0" timestamp="2021-08-07T04:28:53" time="3.001" tests="6">
    <testcase classname="component/widgets/Schedule should render the schedule without error" name="component/widgets/Schedule should render the schedule without error" time="0.063">
    </testcase>
    <testcase classname="component/widgets/Schedule Pupil&apos;s Schedule should show an information and a link to profile if user has no class" name="component/widgets/Schedule Pupil&apos;s Schedule should show an information and a link to profile if user has no class" time="0.089">
    </testcase>
    <testcase classname="component/widgets/Schedule Pupil&apos;s Schedule should show a current schedule" name="component/widgets/Schedule Pupil&apos;s Schedule should show a current schedule" time="0.946">
    </testcase>
    <testcase classname="component/widgets/Schedule Pupil&apos;s Schedule should propose buttons for the (correct) previous and next days" name="component/widgets/Schedule Pupil&apos;s Schedule should propose buttons for the (correct) previous and next days" time="0.204">
    </testcase>
    <testcase classname="component/widgets/Schedule should not show the &apos;next day&apos; button if no schedule is available" name="component/widgets/Schedule should not show the &apos;next day&apos; button if no schedule is available" time="0.169">
    </testcase>
    <testcase classname="component/widgets/Schedule should not show the &apos;last day&apos; button if no schedule is available" name="component/widgets/Schedule should not show the &apos;last day&apos; button if no schedule is available" time="0.149">
    </testcase>
  </testsuite>
  <testsuite name="component/layouts/SearchLayout" errors="0" failures="0" skipped="0" timestamp="2021-08-07T04:28:50" time="6.703" tests="5">
    <testcase classname="component/layouts/SearchLayout SearchLayout should render the search page" name="component/layouts/SearchLayout SearchLayout should render the search page" time="0.295">
    </testcase>
    <testcase classname="component/layouts/SearchLayout SearchLayout should have the correct title" name="component/layouts/SearchLayout SearchLayout should have the correct title" time="0.103">
    </testcase>
    <testcase classname="component/layouts/SearchLayout SearchLayout should issue a search request after typing" name="component/layouts/SearchLayout SearchLayout should issue a search request after typing" time="0.715">
    </testcase>
    <testcase classname="component/layouts/SearchLayout SearchLayout filtering should open and close search filter" name="component/layouts/SearchLayout SearchLayout filtering should open and close search filter" time="2.23">
    </testcase>
    <testcase classname="component/layouts/SearchLayout SearchLayout filtering should add category to filteroptions" name="component/layouts/SearchLayout SearchLayout filtering should add category to filteroptions" time="1.581">
    </testcase>
  </testsuite>
  <testsuite name="component/layouts/adminLayout/AdminLayout" errors="0" failures="0" skipped="0" timestamp="2021-08-07T04:28:54" time="2.398" tests="3">
    <testcase classname="component/layouts/adminLayout/AdminLayout should redirect user to homepage when not logged in" name="component/layouts/adminLayout/AdminLayout should redirect user to homepage when not logged in" time="0.069">
    </testcase>
    <testcase classname="component/layouts/adminLayout/AdminLayout should redirect user to homepage when not admin" name="component/layouts/adminLayout/AdminLayout should redirect user to homepage when not admin" time="0.013">
    </testcase>
    <testcase classname="component/layouts/adminLayout/AdminLayout should show the page with title to user if he is admin" name="component/layouts/adminLayout/AdminLayout should show the page with title to user if he is admin" time="0.273">
    </testcase>
  </testsuite>
  <testsuite name="component/layouts/SearchLayout" errors="0" failures="0" skipped="0" timestamp="2021-08-07T04:28:54" time="2.332" tests="8">
    <testcase classname="component/layouts/SearchLayout CategoryWidgetSelector show widgets state should render the CategoryWidgetSelector" name="component/layouts/SearchLayout CategoryWidgetSelector show widgets state should render the CategoryWidgetSelector" time="0.05">
    </testcase>
    <testcase classname="component/layouts/SearchLayout CategoryWidgetSelector show widgets state should show all possible widgets in a list" name="component/layouts/SearchLayout CategoryWidgetSelector show widgets state should show all possible widgets in a list" time="0.169">
    </testcase>
    <testcase classname="component/layouts/SearchLayout CategoryWidgetSelector show widgets state should show the given &quot;selectedWidgets&quot; with an enabled switch" name="component/layouts/SearchLayout CategoryWidgetSelector show widgets state should show the given &quot;selectedWidgets&quot; with an enabled switch" time="0.115">
    </testcase>
    <testcase classname="component/layouts/SearchLayout CategoryWidgetSelector show widgets state should show have the &quot;enable all widgets&quot; toggle enabled when all widgets are enabled" name="component/layouts/SearchLayout CategoryWidgetSelector show widgets state should show have the &quot;enable all widgets&quot; toggle enabled when all widgets are enabled" time="0.116">
    </testcase>
    <testcase classname="component/layouts/SearchLayout CategoryWidgetSelector select widgets should select a widget when clicked" name="component/layouts/SearchLayout CategoryWidgetSelector select widgets should select a widget when clicked" time="0.119">
    </testcase>
    <testcase classname="component/layouts/SearchLayout CategoryWidgetSelector select widgets should deselect when clicked but already selected" name="component/layouts/SearchLayout CategoryWidgetSelector select widgets should deselect when clicked but already selected" time="0.128">
    </testcase>
    <testcase classname="component/layouts/SearchLayout CategoryWidgetSelector select widgets should select all widgets when &quot;toggle all&quot; is clicked" name="component/layouts/SearchLayout CategoryWidgetSelector select widgets should select all widgets when &quot;toggle all&quot; is clicked" time="0.123">
    </testcase>
    <testcase classname="component/layouts/SearchLayout CategoryWidgetSelector select widgets should deselect all widgets when all are selected and &quot;toggle all&quot; is clicked" name="component/layouts/SearchLayout CategoryWidgetSelector select widgets should deselect all widgets when all are selected and &quot;toggle all&quot; is clicked" time="0.104">
    </testcase>
  </testsuite>
  <testsuite name="component/article/ProfileDeleteFileSelection" errors="0" failures="0" skipped="0" timestamp="2021-08-07T04:28:43" time="13.482" tests="12">
    <testcase classname="component/article/ProfileDeleteFileSelection should render an ProfileDeleteFileSelection" name="component/article/ProfileDeleteFileSelection should render an ProfileDeleteFileSelection" time="0.05">
    </testcase>
    <testcase classname="component/article/ProfileDeleteFileSelection should not show any lines when no files are given" name="component/article/ProfileDeleteFileSelection should not show any lines when no files are given" time="0.015">
    </testcase>
    <testcase classname="component/article/ProfileDeleteFileSelection should render all given file names" name="component/article/ProfileDeleteFileSelection should render all given file names" time="2.452">
    </testcase>
    <testcase classname="component/article/ProfileDeleteFileSelection checkbox state should have all selected files ticked" name="component/article/ProfileDeleteFileSelection checkbox state should have all selected files ticked" time="2.075">
    </testcase>
    <testcase classname="component/article/ProfileDeleteFileSelection checkbox state &quot;select all&quot; checkbox should not be checked when no selected files are given" name="component/article/ProfileDeleteFileSelection checkbox state &quot;select all&quot; checkbox should not be checked when no selected files are given" time="0.355">
    </testcase>
    <testcase classname="component/article/ProfileDeleteFileSelection checkbox state &quot;select all&quot; checkbox should be checked when all selected files are given" name="component/article/ProfileDeleteFileSelection checkbox state &quot;select all&quot; checkbox should be checked when all selected files are given" time="0.305">
    </testcase>
    <testcase classname="component/article/ProfileDeleteFileSelection checkbox state &quot;select all&quot; checkbox should be in intermediate state when two selected files are given" name="component/article/ProfileDeleteFileSelection checkbox state &quot;select all&quot; checkbox should be in intermediate state when two selected files are given" time="0.368">
    </testcase>
    <testcase classname="component/article/ProfileDeleteFileSelection request selection change should call change function including new file requested upon click" name="component/article/ProfileDeleteFileSelection request selection change should call change function including new file requested upon click" time="2.167">
    </testcase>
    <testcase classname="component/article/ProfileDeleteFileSelection request selection change should call change function without file unchecked upon click" name="component/article/ProfileDeleteFileSelection request selection change should call change function without file unchecked upon click" time="2.171">
    </testcase>
    <testcase classname="component/article/ProfileDeleteFileSelection request selection change should call change function requesting all files when &quot;select all&quot; checkbox is click in off state" name="component/article/ProfileDeleteFileSelection request selection change should call change function requesting all files when &quot;select all&quot; checkbox is click in off state" time="0.32">
    </testcase>
    <testcase classname="component/article/ProfileDeleteFileSelection request selection change should call change function requesting no files when &quot;select all&quot; checkbox is clicked in on state" name="component/article/ProfileDeleteFileSelection request selection change should call change function requesting no files when &quot;select all&quot; checkbox is clicked in on state" time="0.328">
    </testcase>
    <testcase classname="component/article/ProfileDeleteFileSelection request selection change should call change function requesting all files when &quot;select all&quot; checkbox is click in mixed state" name="component/article/ProfileDeleteFileSelection request selection change should call change function requesting all files when &quot;select all&quot; checkbox is click in mixed state" time="0.331">
    </testcase>
  </testsuite>
  <testsuite name="component/layouts/adminLayout/userManagement/UsersList" errors="0" failures="0" skipped="0" timestamp="2021-08-07T04:28:49" time="8.767" tests="6">
    <testcase classname="component/layouts/adminLayout/userManagement/UsersList should render a UsersList without error" name="component/layouts/adminLayout/userManagement/UsersList should render a UsersList without error" time="0.086">
    </testcase>
    <testcase classname="component/layouts/adminLayout/userManagement/UsersList fetch and show user data Show all users when no settings are given" name="component/layouts/adminLayout/userManagement/UsersList fetch and show user data Show all users when no settings are given" time="1.925">
    </testcase>
    <testcase classname="component/layouts/adminLayout/userManagement/UsersList fetch and show user data Can filter the users by name" name="component/layouts/adminLayout/userManagement/UsersList fetch and show user data Can filter the users by name" time="0.797">
    </testcase>
    <testcase classname="component/layouts/adminLayout/userManagement/UsersList fetch and show user data Can filter the users by group" name="component/layouts/adminLayout/userManagement/UsersList fetch and show user data Can filter the users by group" time="0.822">
    </testcase>
    <testcase classname="component/layouts/adminLayout/userManagement/UsersList select a user should open a popup when clicking a row" name="component/layouts/adminLayout/userManagement/UsersList select a user should open a popup when clicking a row" time="0.365">
    </testcase>
    <testcase classname="component/layouts/adminLayout/userManagement/UsersList select a user should open a popup when selecting a user from the search" name="component/layouts/adminLayout/userManagement/UsersList select a user should open a popup when selecting a user from the search" time="0.986">
    </testcase>
  </testsuite>
  <testsuite name="component/layouts/adminLayout/categoryManagment/CategoryEditor" errors="0" failures="0" skipped="0" timestamp="2021-08-07T04:28:43" time="14.242" tests="16">
    <testcase classname="component/layouts/adminLayout/categoryManagment/CategoryEditor should render CategoryEditor" name="component/layouts/adminLayout/categoryManagment/CategoryEditor should render CategoryEditor" time="0.518">
    </testcase>
    <testcase classname="component/layouts/adminLayout/categoryManagment/CategoryEditor should show correct category title" name="component/layouts/adminLayout/categoryManagment/CategoryEditor should show correct category title" time="0.654">
    </testcase>
    <testcase classname="component/layouts/adminLayout/categoryManagment/CategoryEditor show/hide group selection show the GroupSelect for any non-homepage" name="component/layouts/adminLayout/categoryManagment/CategoryEditor show/hide group selection show the GroupSelect for any non-homepage" time="0.203">
    </testcase>
    <testcase classname="component/layouts/adminLayout/categoryManagment/CategoryEditor show/hide group selection NOT show the GroupSelect for the homepage" name="component/layouts/adminLayout/categoryManagment/CategoryEditor show/hide group selection NOT show the GroupSelect for the homepage" time="0.115">
    </testcase>
    <testcase classname="component/layouts/adminLayout/categoryManagment/CategoryEditor show/hide &quot;hide articles from homepage&quot; selection show the &quot;hide articles from homepage&quot; for any non-homepage" name="component/layouts/adminLayout/categoryManagment/CategoryEditor show/hide &quot;hide articles from homepage&quot; selection show the &quot;hide articles from homepage&quot; for any non-homepage" time="0.503">
    </testcase>
    <testcase classname="component/layouts/adminLayout/categoryManagment/CategoryEditor show/hide &quot;hide articles from homepage&quot; selection NOT show the &quot;hide articles from homepage&quot; for the homepage" name="component/layouts/adminLayout/categoryManagment/CategoryEditor show/hide &quot;hide articles from homepage&quot; selection NOT show the &quot;hide articles from homepage&quot; for the homepage" time="0.082">
    </testcase>
    <testcase classname="component/layouts/adminLayout/categoryManagment/CategoryEditor should show the layout selection" name="component/layouts/adminLayout/categoryManagment/CategoryEditor should show the layout selection" time="0.337">
    </testcase>
    <testcase classname="component/layouts/adminLayout/categoryManagment/CategoryEditor Category redirect &quot;None&quot; Value should have &quot;NONE&quot; selected if no redirect is set" name="component/layouts/adminLayout/categoryManagment/CategoryEditor Category redirect &quot;None&quot; Value should have &quot;NONE&quot; selected if no redirect is set" time="0.519">
    </testcase>
    <testcase classname="component/layouts/adminLayout/categoryManagment/CategoryEditor Category redirect &quot;None&quot; Value should reset the value when None is selected" name="component/layouts/adminLayout/categoryManagment/CategoryEditor Category redirect &quot;None&quot; Value should reset the value when None is selected" time="0.959">
    </testcase>
    <testcase classname="component/layouts/adminLayout/categoryManagment/CategoryEditor Category redirect &quot;Internal&quot; Value should have &quot;Internal&quot; selected if a local path is set" name="component/layouts/adminLayout/categoryManagment/CategoryEditor Category redirect &quot;Internal&quot; Value should have &quot;Internal&quot; selected if a local path is set" time="0.639">
    </testcase>
    <testcase classname="component/layouts/adminLayout/categoryManagment/CategoryEditor Category redirect &quot;Internal&quot; Value should show the categorry select when internal link is selected" name="component/layouts/adminLayout/categoryManagment/CategoryEditor Category redirect &quot;Internal&quot; Value should show the categorry select when internal link is selected" time="1.153">
    </testcase>
    <testcase classname="component/layouts/adminLayout/categoryManagment/CategoryEditor Category redirect &quot;External&quot; Value should have &quot;External&quot; selected if a local path is set" name="component/layouts/adminLayout/categoryManagment/CategoryEditor Category redirect &quot;External&quot; Value should have &quot;External&quot; selected if a local path is set" time="0.509">
    </testcase>
    <testcase classname="component/layouts/adminLayout/categoryManagment/CategoryEditor Category redirect &quot;External&quot; Value should show the textinput with a default URL when external link is selected" name="component/layouts/adminLayout/categoryManagment/CategoryEditor Category redirect &quot;External&quot; Value should show the textinput with a default URL when external link is selected" time="1.177">
    </testcase>
    <testcase classname="component/layouts/adminLayout/categoryManagment/CategoryEditor update the category should update the category with correct data" name="component/layouts/adminLayout/categoryManagment/CategoryEditor update the category should update the category with correct data" time="1.094">
    </testcase>
    <testcase classname="component/layouts/adminLayout/categoryManagment/CategoryEditor delete categories should NOT show delete button on homepage" name="component/layouts/adminLayout/categoryManagment/CategoryEditor delete categories should NOT show delete button on homepage" time="0.14">
    </testcase>
    <testcase classname="component/layouts/adminLayout/categoryManagment/CategoryEditor delete categories should show delete dialog on click" name="component/layouts/adminLayout/categoryManagment/CategoryEditor delete categories should show delete dialog on click" time="0.509">
    </testcase>
  </testsuite>
  <testsuite name="component/layouts/adminLayout/userManagement/Constraints" errors="0" failures="0" skipped="0" timestamp="2021-08-07T04:28:53" time="4.694" tests="7">
    <testcase classname="component/layouts/adminLayout/userManagement/Constraints should render without error" name="component/layouts/adminLayout/userManagement/Constraints should render without error" time="0.144">
    </testcase>
    <testcase classname="component/layouts/adminLayout/userManagement/Constraints should not impose limit should have &quot;no limit&quot; checkbox checked when limit is -1" name="component/layouts/adminLayout/userManagement/Constraints should not impose limit should have &quot;no limit&quot; checkbox checked when limit is -1" time="0.621">
    </testcase>
    <testcase classname="component/layouts/adminLayout/userManagement/Constraints should not impose limit should set a limit when clicking corresponding checkbox" name="component/layouts/adminLayout/userManagement/Constraints should not impose limit should set a limit when clicking corresponding checkbox" time="0.434">
    </testcase>
[...]
    </testcase>
  </testsuite>
  <testsuite name="component/layouts/Footer" errors="0" failures="0" skipped="0" timestamp="2021-08-07T04:29:03" time="0.644" tests="3">
    <testcase classname="component/layouts/Footer should render the privacy link in the footer when there are no sidenav categories" name="component/layouts/Footer should render the privacy link in the footer when there are no sidenav categories" time="0.099">
    </testcase>
    <testcase classname="component/layouts/Footer when present, should render sidenav category links next to privacy link" name="component/layouts/Footer when present, should render sidenav category links next to privacy link" time="0.028">
    </testcase>
    <testcase classname="component/layouts/Footer A sidenav category leading to an external site should be set accordingly" name="component/layouts/Footer A sidenav category leading to an external site should be set accordingly" time="0.072">
    </testcase>
  </testsuite>
  <testsuite name="component/Button" errors="0" failures="0" skipped="0" timestamp="2021-08-07T04:29:02" time="1.248" tests="2">
    <testcase classname="component/Button should render Button with label" name="component/Button should render Button with label" time="0.018">
    </testcase>
    <testcase classname="component/Button should render Button with icon" name="component/Button should render Button with icon" time="0.028">
    </testcase>
  </testsuite>
  <testsuite name="component/layouts/adminLayout/userManagement/UserManagement" errors="0" failures="0" skipped="0" timestamp="2021-08-07T04:29:02" time="1.591" tests="1">
    <testcase classname="component/layouts/adminLayout/userManagement/UserManagement should render without error" name="component/layouts/adminLayout/userManagement/UserManagement should render without error" time="0.051">
    </testcase>
  </testsuite>
  <testsuite name="component/profile/ProfileArticles" errors="0" failures="0" skipped="0" timestamp="2021-08-07T04:29:03" time="0.531" tests="1">
    <testcase classname="component/profile/ProfileArticles should render a ProfileArticles without error" name="component/profile/ProfileArticles should render a ProfileArticles without error" time="0.054">
    </testcase>
  </testsuite>
  <testsuite name="component/article/module/table/Show" errors="0" failures="0" skipped="0" timestamp="2021-08-07T04:29:03" time="0.657" tests="2">
    <testcase classname="component/article/module/table/Show should render without an error" name="component/article/module/table/Show should render without an error" time="0.034">
    </testcase>
    <testcase classname="component/article/module/table/Show render the table should render the table with correct content" name="component/article/module/table/Show render the table should render the table with correct content" time="0.151">
    </testcase>
  </testsuite>
  <testsuite name="component/article/module/form/Config" errors="0" failures="0" skipped="0" timestamp="2021-08-07T04:29:03" time="0.643" tests="2">
    <testcase classname="component/article/module/form/Config should render the component" name="component/article/module/form/Config should render the component" time="0.036">
    </testcase>
    <testcase classname="component/article/module/form/Config should show the &quot;See data&quot; button and open the dialog when clicked" name="component/article/module/form/Config should show the &quot;See data&quot; button and open the dialog when clicked" time="0.152">
    </testcase>
  </testsuite>
  <testsuite name="component/article/module/title/Config" errors="0" failures="0" skipped="0" timestamp="2021-08-07T04:29:02" time="1.051" tests="4">
    <testcase classname="component/article/module/title/Config should render without an error" name="component/article/module/title/Config should render without an error" time="0.076">
    </testcase>
    <testcase classname="component/article/module/title/Config should render a select field with 3 size options" name="component/article/module/title/Config should render a select field with 3 size options" time="0.207">
    </testcase>
    <testcase classname="component/article/module/title/Config should show the selected option" name="component/article/module/title/Config should show the selected option" time="0.061">
    </testcase>
    <testcase classname="component/article/module/title/Config should change the size configuration" name="component/article/module/title/Config should change the size configuration" time="0.191">
    </testcase>
  </testsuite>
  <testsuite name="component/article/module/table/Show" errors="0" failures="0" skipped="0" timestamp="2021-08-07T04:29:03" time="0.521" tests="4">
    <testcase classname="component/article/module/table/Show should render without an error" name="component/article/module/table/Show should render without an error" time="0.024">
    </testcase>
    <testcase classname="component/article/module/table/Show should display the correct title" name="component/article/module/table/Show should display the correct title" time="0.013">
    </testcase>
    <testcase classname="component/article/module/table/Show should default to a h4 component when no header level is given" name="component/article/module/table/Show should default to a h4 component when no header level is given" time="0.012">
    </testcase>
    <testcase classname="component/article/module/table/Show should show the correct variant when given in the configuration" name="component/article/module/table/Show should show the correct variant when given in the configuration" time="0.021">
    </testcase>
  </testsuite>
  <testsuite name="component/general/Link" errors="0" failures="0" skipped="0" timestamp="2021-08-07T04:29:03" time="0.466" tests="2">
    <testcase classname="component/general/Link should render a Link" name="component/general/Link should render a Link" time="0.009">
    </testcase>
    <testcase classname="component/general/Link should style a link" name="component/general/Link should style a link" time="0.01">
    </testcase>
  </testsuite>
  <testsuite name="component/article/module/title/Title" errors="0" failures="0" skipped="0" timestamp="2021-08-07T04:29:03" time="0.506" tests="2">
    <testcase classname="component/article/module/title/Title should render the edit mode when editModeEnabled is given" name="component/article/module/title/Title should render the edit mode when editModeEnabled is given" time="0.023">
    </testcase>
    <testcase classname="component/article/module/title/Title should render the show mode when editModeEnabled is not given" name="component/article/module/title/Title should render the show mode when editModeEnabled is not given" time="0.014">
    </testcase>
  </testsuite>
  <testsuite name="util/user/useCurrentUser" errors="0" failures="0" skipped="0" timestamp="2021-08-07T04:29:03" time="0.226" tests="3">
    <testcase classname="util/user/useCurrentUser should return undefined if the user is loading" name="util/user/useCurrentUser should return undefined if the user is loading" time="0.016">
    </testcase>
    <testcase classname="util/user/useCurrentUser should return null if the user is not logged in" name="util/user/useCurrentUser should return null if the user is not logged in" time="0.01">
    </testcase>
    <testcase classname="util/user/useCurrentUser should return the user if the user is logged in" name="util/user/useCurrentUser should return the user if the user is logged in" time="0.005">
    </testcase>
  </testsuite>
  <testsuite name="component/article/module/table/Edit" errors="0" failures="0" skipped="0" timestamp="2021-08-07T04:29:03" time="0.674" tests="4">
    <testcase classname="component/article/module/table/Edit should render without an error" name="component/article/module/table/Edit should render without an error" time="0.022">
    </testcase>
    <testcase classname="component/article/module/table/Edit should display the correct title" name="component/article/module/table/Edit should display the correct title" time="0.038">
    </testcase>
    <testcase classname="component/article/module/table/Edit should correctly call the onUpateModule prop" name="component/article/module/table/Edit should correctly call the onUpateModule prop" time="0.061">
    </testcase>
    <testcase classname="component/article/module/table/Edit should reset title when clicking ESC" name="component/article/module/table/Edit should reset title when clicking ESC" time="0.055">
    </testcase>
  </testsuite>
  <testsuite name="component/layouts/navigation/useNewMessagesBadgeNumber" errors="0" failures="0" skipped="0" timestamp="2021-08-07T04:29:03" time="0.3" tests="4">
    <testcase classname="component/layouts/navigation/useNewMessagesBadgeNumber should return 0 if the user not logged in" name="component/layouts/navigation/useNewMessagesBadgeNumber should return 0 if the user not logged in" time="0.019">
    </testcase>
    <testcase classname="component/layouts/navigation/useNewMessagesBadgeNumber should return the correct badge number for messages to the user" name="component/layouts/navigation/useNewMessagesBadgeNumber should return the correct badge number for messages to the user" time="0.017">
    </testcase>
    <testcase classname="component/layouts/navigation/useNewMessagesBadgeNumber should return the correct badge number for a given user only" name="component/layouts/navigation/useNewMessagesBadgeNumber should return the correct badge number for a given user only" time="0.013">
    </testcase>
    <testcase classname="component/layouts/navigation/useNewMessagesBadgeNumber should return the correct badge number for a given group only" name="component/layouts/navigation/useNewMessagesBadgeNumber should return the correct badge number for a given group only" time="0.013">
    </testcase>
  </testsuite>
  <testsuite name="ButtonGroup" errors="0" failures="0" skipped="0" timestamp="2021-08-07T04:29:03" time="0.389" tests="1">
    <testcase classname="ButtonGroup should render ButtonGroup with 3 buttons" name="ButtonGroup should render ButtonGroup with 3 buttons" time="0.008">
    </testcase>
  </testsuite>
  <testsuite name="component/NavigationButton" errors="0" failures="0" skipped="0" timestamp="2021-08-07T04:29:03" time="0.396" tests="1">
    <testcase classname="component/NavigationButton should render NavigationButton with label" name="component/NavigationButton should render NavigationButton with label" time="0.006">
    </testcase>
  </testsuite>
  <testsuite name="component/article/modules/form/Edit" errors="0" failures="0" skipped="0" timestamp="2021-08-07T04:28:43" time="20.683" tests="5">
    <testcase classname="component/article/modules/form/Edit should render" name="component/article/modules/form/Edit should render" time="0.505">
    </testcase>
    <testcase classname="component/article/modules/form/Edit should render the correct init form elements" name="component/article/modules/form/Edit should render the correct init form elements" time="5.869">
    </testcase>
    <testcase classname="component/article/modules/form/Edit should be able to disable the destination mail" name="component/article/modules/form/Edit should be able to disable the destination mail" time="4.287">
    </testcase>
    <testcase classname="component/article/modules/form/Edit should be able to disable the internal database saving" name="component/article/modules/form/Edit should be able to disable the internal database saving" time="3.437">
    </testcase>
    <testcase classname="component/article/modules/form/Edit should add an input when clicking on the &quot;add element button&quot;" name="component/article/modules/form/Edit should add an input when clicking on the &quot;add element button&quot;" time="1.265">
    </testcase>
  </testsuite>
  <testsuite name="component/fileExplorer/FileTable" errors="0" failures="0" skipped="0" timestamp="2021-08-07T04:28:43" time="22.259" tests="12">
    <testcase classname="component/fileExplorer/FileTable should render" name="component/fileExplorer/FileTable should render" time="0.147">
    </testcase>
    <testcase classname="component/fileExplorer/FileTable with a parent directory list all files should show the correct amount of rows" name="component/fileExplorer/FileTable with a parent directory list all files should show the correct amount of rows" time="0.545">
    </testcase>
    <testcase classname="component/fileExplorer/FileTable with a parent directory list all files should show select all checkbox when SelectMultiple is enabled" name="component/fileExplorer/FileTable with a parent directory list all files should show select all checkbox when SelectMultiple is enabled" time="1.337">
    </testcase>
    <testcase classname="component/fileExplorer/FileTable with a parent directory list all files marking files should mark a file on click" name="component/fileExplorer/FileTable with a parent directory list all files marking files should mark a file on click" time="1.826">
    </testcase>
    <testcase classname="component/fileExplorer/FileTable with a parent directory list all files marking files should mark a next file on keyboard up" name="component/fileExplorer/FileTable with a parent directory list all files marking files should mark a next file on keyboard up" time="1.713">
    </testcase>
    <testcase classname="component/fileExplorer/FileTable with a parent directory list all files marking files should ALSO mark a next file on SHIFT keyboard up" name="component/fileExplorer/FileTable with a parent directory list all files marking files should ALSO mark a next file on SHIFT keyboard up" time="1.853">
    </testcase>
    <testcase classname="component/fileExplorer/FileTable with a parent directory list all files marking files should mark a next file on keyboard down" name="component/fileExplorer/FileTable with a parent directory list all files marking files should mark a next file on keyboard down" time="1.673">
    </testcase>
    <testcase classname="component/fileExplorer/FileTable with a parent directory list all files marking files should ALSO mark a next file on SHIFT keyboard down" name="component/fileExplorer/FileTable with a parent directory list all files marking files should ALSO mark a next file on SHIFT keyboard down" time="1.671">
    </testcase>
    <testcase classname="component/fileExplorer/FileTable with a parent directory list all files marking files should mark all files on SHIFT first file and last file" name="component/fileExplorer/FileTable with a parent directory list all files marking files should mark all files on SHIFT first file and last file" time="2.312">
    </testcase>
    <testcase classname="component/fileExplorer/FileTable with a parent directory list all files marking files should mark any second file by holding META on click" name="component/fileExplorer/FileTable with a parent directory list all files marking files should mark any second file by holding META on click" time="2.193">
    </testcase>
    <testcase classname="component/fileExplorer/FileTable with a parent directory list all files marking files should do nothing when arrow up is pressed while first file is selected" name="component/fileExplorer/FileTable with a parent directory list all files marking files should do nothing when arrow up is pressed while first file is selected" time="0.97">
    </testcase>
    <testcase classname="component/fileExplorer/FileTable with a parent directory list all files marking files should do nothing when arrow down is pressed while last file is selected" name="component/fileExplorer/FileTable with a parent directory list all files marking files should do nothing when arrow down is pressed while last file is selected" time="0.957">
    </testcase>
  </testsuite>
  <testsuite name="component/layouts/editArticleLayout/EditArticleLayout" errors="0" failures="0" skipped="0" timestamp="2021-08-07T04:28:43" time="31.662" tests="12">
    <testcase classname="component/layouts/editArticleLayout/EditArticleLayout should render the EditArticleLayout without error" name="component/layouts/editArticleLayout/EditArticleLayout should render the EditArticleLayout without error" time="1.244">
    </testcase>
    <testcase classname="component/layouts/editArticleLayout/EditArticleLayout should show the article" name="component/layouts/editArticleLayout/EditArticleLayout should show the article" time="0.549">
    </testcase>
    <testcase classname="component/layouts/editArticleLayout/EditArticleLayout should show the editing footer" name="component/layouts/editArticleLayout/EditArticleLayout should show the editing footer" time="0.55">
    </testcase>
    <testcase classname="component/layouts/editArticleLayout/EditArticleLayout add content modules should show the &quot;add module&quot; bar" name="component/layouts/editArticleLayout/EditArticleLayout add content modules should show the &quot;add module&quot; bar" time="0.429">
    </testcase>
    <testcase classname="component/layouts/editArticleLayout/EditArticleLayout add content modules should add a contentmodule" name="component/layouts/editArticleLayout/EditArticleLayout add content modules should add a contentmodule" time="3.632">
    </testcase>
    <testcase classname="component/layouts/editArticleLayout/EditArticleLayout saving articles should call saveArticle endpoint with updated content modules" name="component/layouts/editArticleLayout/EditArticleLayout saving articles should call saveArticle endpoint with updated content modules" time="7.554">
    </testcase>
    <testcase classname="component/layouts/editArticleLayout/EditArticleLayout saving articles should redirect to article page after saving" name="component/layouts/editArticleLayout/EditArticleLayout saving articles should redirect to article page after saving" time="3.588">
    </testcase>
    <testcase classname="component/layouts/editArticleLayout/EditArticleLayout auto-update articles when in editing mode should update the preview when receiving update via subscription" name="component/layouts/editArticleLayout/EditArticleLayout auto-update articles when in editing mode should update the preview when receiving update via subscription" time="2.61">
    </testcase>
    <testcase classname="component/layouts/editArticleLayout/EditArticleLayout auto-update articles when in editing mode should update the preview when receiving update via subscription after adding a content module" name="component/layouts/editArticleLayout/EditArticleLayout auto-update articles when in editing mode should update the preview when receiving update via subscription after adding a content module" time="2.815">
    </testcase>
    <testcase classname="component/layouts/editArticleLayout/EditArticleLayout auto-update articles when in editing mode should show a dialog when receiving update including content-module change via subscription after adding a content module" name="component/layouts/editArticleLayout/EditArticleLayout auto-update articles when in editing mode should show a dialog when receiving update including content-module change via subscription after adding a content module" time="2.066">
    </testcase>
    <testcase classname="component/layouts/editArticleLayout/EditArticleLayout issue warning when user navigates away should show a prompt if user has made a change" name="component/layouts/editArticleLayout/EditArticleLayout issue warning when user navigates away should show a prompt if user has made a change" time="0.646">
    </testcase>
    <testcase classname="component/layouts/editArticleLayout/EditArticleLayout issue warning when user navigates away should not show a prompt if user has not made changes" name="component/layouts/editArticleLayout/EditArticleLayout issue warning when user navigates away should not show a prompt if user has not made changes" time="0.131">
    </testcase>
  </testsuite>
</testsuites>